<?xml version="1.0" encoding="UTF-8"?>
<coverage generated="1638420985388" clover="3.2.0">
  <project timestamp="1638420985388" name="All files">
    <metrics statements="37" coveredstatements="37" conditionals="6" coveredconditionals="6" methods="19" coveredmethods="19" elements="62" coveredelements="62" complexity="0" loc="37" ncloc="37" packages="1" files="6" classes="6"/>
    <file name="App.js" path="C:\Users\asus\Desktop\CSE 183\asgn8_real\cse-183-final-project\frontend\src\components\App.js">
      <metrics statements="1" coveredstatements="1" conditionals="0" coveredconditionals="0" methods="1" coveredmethods="1"/>
      <line num="20" count="6" type="stmt"/>
    </file>
    <file name="Category.js" path="C:\Users\asus\Desktop\CSE 183\asgn8_real\cse-183-final-project\frontend\src\components\Category.js">
      <metrics statements="1" coveredstatements="1" conditionals="0" coveredconditionals="0" methods="1" coveredmethods="1"/>
      <line num="20" count="1" type="stmt"/>
    </file>
    <file name="CreateUser.js" path="C:\Users\asus\Desktop\CSE 183\asgn8_real\cse-183-final-project\frontend\src\components\CreateUser.js">
      <metrics statements="2" coveredstatements="2" conditionals="0" coveredconditionals="0" methods="2" coveredmethods="2"/>
      <line num="56" count="1" type="stmt"/>
      <line num="84" count="1" type="stmt"/>
    </file>
    <file name="Dummy.js" path="C:\Users\asus\Desktop\CSE 183\asgn8_real\cse-183-final-project\frontend\src\components\Dummy.js">
      <metrics statements="9" coveredstatements="9" conditionals="2" coveredconditionals="2" methods="6" coveredmethods="6"/>
      <line num="10" count="2" type="stmt"/>
      <line num="12" count="2" type="cond" truecount="2" falsecount="0"/>
      <line num="13" count="1" type="stmt"/>
      <line num="15" count="1" type="stmt"/>
      <line num="18" count="1" type="stmt"/>
      <line num="21" count="1" type="stmt"/>
      <line num="31" count="4" type="stmt"/>
      <line num="32" count="4" type="stmt"/>
      <line num="39" count="2" type="stmt"/>
    </file>
    <file name="Homepage.js" path="C:\Users\asus\Desktop\CSE 183\asgn8_real\cse-183-final-project\frontend\src\components\Homepage.js">
      <metrics statements="8" coveredstatements="8" conditionals="4" coveredconditionals="4" methods="3" coveredmethods="3"/>
      <line num="13" count="10" type="stmt"/>
      <line num="31" count="11" type="stmt"/>
      <line num="32" count="11" type="stmt"/>
      <line num="33" count="11" type="cond" truecount="2" falsecount="0"/>
      <line num="35" count="11" type="stmt"/>
      <line num="36" count="1" type="stmt"/>
      <line num="37" count="1" type="stmt"/>
      <line num="40" count="11" type="stmt"/>
    </file>
    <file name="Login.js" path="C:\Users\asus\Desktop\CSE 183\asgn8_real\cse-183-final-project\frontend\src\components\Login.js">
      <metrics statements="16" coveredstatements="16" conditionals="0" coveredconditionals="0" methods="6" coveredmethods="6"/>
      <line num="17" count="5" type="stmt"/>
      <line num="18" count="5" type="stmt"/>
      <line num="20" count="5" type="stmt"/>
      <line num="21" count="50" type="stmt"/>
      <line num="22" count="50" type="stmt"/>
      <line num="23" count="50" type="stmt"/>
      <line num="24" count="50" type="stmt"/>
      <line num="26" count="5" type="stmt"/>
      <line num="27" count="2" type="stmt"/>
      <line num="28" count="2" type="stmt"/>
      <line num="39" count="1" type="stmt"/>
      <line num="42" count="1" type="stmt"/>
      <line num="43" count="1" type="stmt"/>
      <line num="44" count="1" type="stmt"/>
      <line num="52" count="5" type="stmt"/>
      <line num="80" count="5" type="stmt"/>
    </file>
  </project>
</coverage>
