<?xml version="1.0" encoding="UTF-8"?>
<coverage generated="1638347506096" clover="3.2.0">
  <project timestamp="1638347506096" name="All files">
    <metrics statements="10" coveredstatements="7" conditionals="4" coveredconditionals="2" methods="5" coveredmethods="3" elements="19" coveredelements="12" complexity="0" loc="10" ncloc="10" packages="1" files="3" classes="3"/>
    <file name="App.js" path="C:\Users\asus\Desktop\CSE 183\asgn8_real\cse-183-final-project\frontend\src\components\App.js">
      <metrics statements="1" coveredstatements="1" conditionals="0" coveredconditionals="0" methods="1" coveredmethods="1"/>
      <line num="20" count="1" type="stmt"/>
    </file>
    <file name="Category.js" path="C:\Users\asus\Desktop\CSE 183\asgn8_real\cse-183-final-project\frontend\src\components\Category.js">
      <metrics statements="1" coveredstatements="0" conditionals="0" coveredconditionals="0" methods="1" coveredmethods="0"/>
      <line num="20" count="0" type="stmt"/>
    </file>
    <file name="Homepage.js" path="C:\Users\asus\Desktop\CSE 183\asgn8_real\cse-183-final-project\frontend\src\components\Homepage.js">
      <metrics statements="8" coveredstatements="6" conditionals="4" coveredconditionals="2" methods="3" coveredmethods="2"/>
      <line num="13" count="1" type="stmt"/>
      <line num="31" count="1" type="stmt"/>
      <line num="32" count="1" type="stmt"/>
      <line num="33" count="1" type="cond" truecount="1" falsecount="1"/>
      <line num="35" count="1" type="stmt"/>
      <line num="36" count="0" type="stmt"/>
      <line num="37" count="0" type="stmt"/>
      <line num="40" count="1" type="stmt"/>
    </file>
  </project>
</coverage>
