{"C:\\Users\\asus\\Desktop\\CSE 183\\asgn8_real\\cse-183-final-project\\frontend\\src\\components\\App.js": {"path":"C:\\Users\\asus\\Desktop\\CSE 183\\asgn8_real\\cse-183-final-project\\frontend\\src\\components\\App.js","statementMap":{"0":{"start":{"line":20,"column":2},"end":{"line":30,"column":4}}},"fnMap":{"0":{"name":"App","decl":{"start":{"line":19,"column":9},"end":{"line":19,"column":12}},"loc":{"start":{"line":19,"column":15},"end":{"line":31,"column":1}},"line":19}},"branchMap":{},"s":{"0":6},"f":{"0":6},"b":{},"_coverageSchema":"1a1c01bbd47fc00a2c39e90264f33305004495a9","hash":"4b616a636ac0e34b5ac6c886abc6307cbf40aacf"}
,"C:\\Users\\asus\\Desktop\\CSE 183\\asgn8_real\\cse-183-final-project\\frontend\\src\\components\\Category.js": {"path":"C:\\Users\\asus\\Desktop\\CSE 183\\asgn8_real\\cse-183-final-project\\frontend\\src\\components\\Category.js","statementMap":{"0":{"start":{"line":30,"column":2},"end":{"line":142,"column":4}}},"fnMap":{"0":{"name":"CategoryScreen","decl":{"start":{"line":29,"column":24},"end":{"line":29,"column":38}},"loc":{"start":{"line":29,"column":41},"end":{"line":143,"column":1}},"line":29}},"branchMap":{},"s":{"0":1},"f":{"0":1},"b":{},"_coverageSchema":"1a1c01bbd47fc00a2c39e90264f33305004495a9","hash":"e68d3d67a07adeca0fb3aa5753e221934b48c494"}
,"C:\\Users\\asus\\Desktop\\CSE 183\\asgn8_real\\cse-183-final-project\\frontend\\src\\components\\CreateUser.js": {"path":"C:\\Users\\asus\\Desktop\\CSE 183\\asgn8_real\\cse-183-final-project\\frontend\\src\\components\\CreateUser.js","statementMap":{"0":{"start":{"line":56,"column":2},"end":{"line":74,"column":4}},"1":{"start":{"line":84,"column":2},"end":{"line":90,"column":4}}},"fnMap":{"0":{"name":"CreateUser","decl":{"start":{"line":19,"column":9},"end":{"line":19,"column":19}},"loc":{"start":{"line":19,"column":22},"end":{"line":75,"column":1}},"line":19},"1":{"name":"CreateUserScreen","decl":{"start":{"line":83,"column":24},"end":{"line":83,"column":40}},"loc":{"start":{"line":83,"column":43},"end":{"line":91,"column":1}},"line":83}},"branchMap":{},"s":{"0":1,"1":1},"f":{"0":1,"1":1},"b":{},"_coverageSchema":"1a1c01bbd47fc00a2c39e90264f33305004495a9","hash":"2b5501721daf3994f53b3fbc9597c9796d2779c5"}
,"C:\\Users\\asus\\Desktop\\CSE 183\\asgn8_real\\cse-183-final-project\\frontend\\src\\components\\Dummy.js": {"path":"C:\\Users\\asus\\Desktop\\CSE 183\\asgn8_real\\cse-183-final-project\\frontend\\src\\components\\Dummy.js","statementMap":{"0":{"start":{"line":10,"column":2},"end":{"line":22,"column":7}},"1":{"start":{"line":12,"column":6},"end":{"line":14,"column":7}},"2":{"start":{"line":13,"column":8},"end":{"line":13,"column":23}},"3":{"start":{"line":15,"column":6},"end":{"line":15,"column":29}},"4":{"start":{"line":18,"column":6},"end":{"line":18,"column":29}},"5":{"start":{"line":21,"column":6},"end":{"line":21,"column":45}},"6":{"start":{"line":31,"column":28},"end":{"line":31,"column":63}},"7":{"start":{"line":32,"column":2},"end":{"line":51,"column":4}},"8":{"start":{"line":39,"column":10},"end":{"line":39,"column":29}}},"fnMap":{"0":{"name":"getDummy","decl":{"start":{"line":8,"column":9},"end":{"line":8,"column":17}},"loc":{"start":{"line":8,"column":28},"end":{"line":23,"column":1}},"line":8},"1":{"name":"(anonymous_1)","decl":{"start":{"line":11,"column":10},"end":{"line":11,"column":11}},"loc":{"start":{"line":11,"column":24},"end":{"line":16,"column":5}},"line":11},"2":{"name":"(anonymous_2)","decl":{"start":{"line":17,"column":10},"end":{"line":17,"column":11}},"loc":{"start":{"line":17,"column":20},"end":{"line":19,"column":5}},"line":17},"3":{"name":"(anonymous_3)","decl":{"start":{"line":20,"column":11},"end":{"line":20,"column":12}},"loc":{"start":{"line":20,"column":22},"end":{"line":22,"column":5}},"line":20},"4":{"name":"Dummy","decl":{"start":{"line":30,"column":9},"end":{"line":30,"column":14}},"loc":{"start":{"line":30,"column":17},"end":{"line":52,"column":1}},"line":30},"5":{"name":"(anonymous_5)","decl":{"start":{"line":38,"column":17},"end":{"line":38,"column":18}},"loc":{"start":{"line":38,"column":28},"end":{"line":40,"column":9}},"line":38}},"branchMap":{"0":{"loc":{"start":{"line":12,"column":6},"end":{"line":14,"column":7}},"type":"if","locations":[{"start":{"line":12,"column":6},"end":{"line":14,"column":7}},{"start":{},"end":{}}],"line":12}},"s":{"0":2,"1":2,"2":1,"3":1,"4":1,"5":1,"6":4,"7":4,"8":2},"f":{"0":2,"1":2,"2":1,"3":1,"4":4,"5":2},"b":{"0":[1,1]},"_coverageSchema":"1a1c01bbd47fc00a2c39e90264f33305004495a9","hash":"363c369722c8e5fbbd20f3b3e4ed4cf9d612f86b"}
,"C:\\Users\\asus\\Desktop\\CSE 183\\asgn8_real\\cse-183-final-project\\frontend\\src\\components\\Homepage.js": {"path":"C:\\Users\\asus\\Desktop\\CSE 183\\asgn8_real\\cse-183-final-project\\frontend\\src\\components\\Homepage.js","statementMap":{"0":{"start":{"line":15,"column":18},"end":{"line":25,"column":3}},"1":{"start":{"line":15,"column":41},"end":{"line":25,"column":1}},"2":{"start":{"line":33,"column":18},"end":{"line":33,"column":29}},"3":{"start":{"line":34,"column":15},"end":{"line":34,"column":55}},"4":{"start":{"line":35,"column":26},"end":{"line":35,"column":63}},"5":{"start":{"line":37,"column":17},"end":{"line":40,"column":3}},"6":{"start":{"line":38,"column":4},"end":{"line":38,"column":36}},"7":{"start":{"line":39,"column":4},"end":{"line":39,"column":16}},"8":{"start":{"line":42,"column":2},"end":{"line":128,"column":4}}},"fnMap":{"0":{"name":"(anonymous_0)","decl":{"start":{"line":15,"column":29},"end":{"line":15,"column":30}},"loc":{"start":{"line":15,"column":41},"end":{"line":25,"column":1}},"line":15},"1":{"name":"Homepage","decl":{"start":{"line":32,"column":9},"end":{"line":32,"column":17}},"loc":{"start":{"line":32,"column":20},"end":{"line":129,"column":1}},"line":32},"2":{"name":"(anonymous_2)","decl":{"start":{"line":37,"column":17},"end":{"line":37,"column":18}},"loc":{"start":{"line":37,"column":23},"end":{"line":40,"column":3}},"line":37}},"branchMap":{"0":{"loc":{"start":{"line":35,"column":41},"end":{"line":35,"column":62}},"type":"cond-expr","locations":[{"start":{"line":35,"column":48},"end":{"line":35,"column":57}},{"start":{"line":35,"column":60},"end":{"line":35,"column":62}}],"line":35},"1":{"loc":{"start":{"line":65,"column":17},"end":{"line":80,"column":27}},"type":"cond-expr","locations":[{"start":{"line":66,"column":18},"end":{"line":73,"column":24}},{"start":{"line":74,"column":18},"end":{"line":80,"column":27}}],"line":65}},"s":{"0":2,"1":10,"2":11,"3":11,"4":11,"5":11,"6":1,"7":1,"8":11},"f":{"0":10,"1":11,"2":1},"b":{"0":[1,10],"1":[1,10]},"_coverageSchema":"1a1c01bbd47fc00a2c39e90264f33305004495a9","hash":"cec47cc1c0e175aeed541eff3ce843c44daecfea"}
,"C:\\Users\\asus\\Desktop\\CSE 183\\asgn8_real\\cse-183-final-project\\frontend\\src\\components\\Login.js": {"path":"C:\\Users\\asus\\Desktop\\CSE 183\\asgn8_real\\cse-183-final-project\\frontend\\src\\components\\Login.js","statementMap":{"0":{"start":{"line":19,"column":26},"end":{"line":19,"column":67}},"1":{"start":{"line":20,"column":18},"end":{"line":20,"column":30}},"2":{"start":{"line":22,"column":28},"end":{"line":27,"column":3}},"3":{"start":{"line":23,"column":26},"end":{"line":23,"column":38}},"4":{"start":{"line":24,"column":14},"end":{"line":24,"column":18}},"5":{"start":{"line":25,"column":4},"end":{"line":25,"column":20}},"6":{"start":{"line":26,"column":4},"end":{"line":26,"column":15}},"7":{"start":{"line":28,"column":19},"end":{"line":52,"column":3}},"8":{"start":{"line":29,"column":4},"end":{"line":29,"column":27}},"9":{"start":{"line":30,"column":4},"end":{"line":47,"column":9}},"10":{"start":{"line":41,"column":8},"end":{"line":41,"column":26}},"11":{"start":{"line":44,"column":8},"end":{"line":44,"column":26}},"12":{"start":{"line":45,"column":8},"end":{"line":45,"column":59}},"13":{"start":{"line":46,"column":8},"end":{"line":46,"column":26}},"14":{"start":{"line":54,"column":2},"end":{"line":72,"column":4}},"15":{"start":{"line":82,"column":2},"end":{"line":89,"column":4}}},"fnMap":{"0":{"name":"Login","decl":{"start":{"line":18,"column":9},"end":{"line":18,"column":14}},"loc":{"start":{"line":18,"column":17},"end":{"line":73,"column":1}},"line":18},"1":{"name":"(anonymous_1)","decl":{"start":{"line":22,"column":28},"end":{"line":22,"column":29}},"loc":{"start":{"line":22,"column":39},"end":{"line":27,"column":3}},"line":22},"2":{"name":"(anonymous_2)","decl":{"start":{"line":28,"column":19},"end":{"line":28,"column":20}},"loc":{"start":{"line":28,"column":30},"end":{"line":52,"column":3}},"line":28},"3":{"name":"(anonymous_3)","decl":{"start":{"line":37,"column":12},"end":{"line":37,"column":13}},"loc":{"start":{"line":37,"column":21},"end":{"line":42,"column":7}},"line":37},"4":{"name":"(anonymous_4)","decl":{"start":{"line":43,"column":12},"end":{"line":43,"column":13}},"loc":{"start":{"line":43,"column":22},"end":{"line":47,"column":7}},"line":43},"5":{"name":"LoginScreen","decl":{"start":{"line":81,"column":24},"end":{"line":81,"column":35}},"loc":{"start":{"line":81,"column":38},"end":{"line":90,"column":1}},"line":81}},"branchMap":{},"s":{"0":5,"1":5,"2":5,"3":50,"4":50,"5":50,"6":50,"7":5,"8":2,"9":2,"10":1,"11":1,"12":1,"13":1,"14":5,"15":5},"f":{"0":5,"1":50,"2":2,"3":1,"4":1,"5":5},"b":{},"_coverageSchema":"1a1c01bbd47fc00a2c39e90264f33305004495a9","hash":"0a08b4dc9803735aeda07c6c615581a135a2a72c"}
}
