TN:
SF:src\components\App.js
FN:19,App
FNF:1
FNH:1
FNDA:9,App
DA:20,9
LF:1
LH:1
BRF:0
BRH:0
end_of_record
TN:
SF:src\components\Category.js
FN:29,CategoryScreen
FNF:1
FNH:1
FNDA:1,CategoryScreen
DA:30,1
LF:1
LH:1
BRF:0
BRH:0
end_of_record
TN:
SF:src\components\CreateUser.js
FN:20,CreateUser
FN:24,(anonymous_1)
FN:31,(anonymous_2)
FN:40,(anonymous_3)
FN:44,(anonymous_4)
FN:90,CreateUserScreen
FNF:6
FNH:6
FNDA:3,CreateUser
FNDA:24,(anonymous_1)
FNDA:1,(anonymous_2)
FNDA:1,(anonymous_3)
FNDA:1,(anonymous_4)
FNDA:3,CreateUserScreen
DA:21,3
DA:22,3
DA:24,3
DA:25,24
DA:26,24
DA:27,24
DA:28,24
DA:31,3
DA:32,1
DA:33,1
DA:42,1
DA:46,1
DA:47,1
DA:51,3
DA:91,3
LF:15
LH:15
BRF:0
BRH:0
end_of_record
TN:
SF:src\components\Dummy.js
FN:8,getDummy
FN:11,(anonymous_1)
FN:17,(anonymous_2)
FN:20,(anonymous_3)
FN:30,Dummy
FN:38,(anonymous_5)
FNF:6
FNH:6
FNDA:2,getDummy
FNDA:2,(anonymous_1)
FNDA:1,(anonymous_2)
FNDA:1,(anonymous_3)
FNDA:4,Dummy
FNDA:2,(anonymous_5)
DA:10,2
DA:12,2
DA:13,1
DA:15,1
DA:18,1
DA:21,1
DA:31,4
DA:32,4
DA:39,2
LF:9
LH:9
BRDA:12,0,0,1
BRDA:12,0,1,1
BRF:2
BRH:2
end_of_record
TN:
SF:src\components\Homepage.js
FN:15,(anonymous_0)
FN:35,(anonymous_1)
FN:39,(anonymous_2)
FN:45,(anonymous_3)
FN:62,Homepage
FN:68,(anonymous_5)
FN:76,(anonymous_6)
FN:198,(anonymous_7)
FNF:8
FNH:8
FNDA:13,(anonymous_0)
FNDA:1,(anonymous_1)
FNDA:1,(anonymous_2)
FNDA:1,(anonymous_3)
FNDA:17,Homepage
FNDA:1,(anonymous_5)
FNDA:2,(anonymous_6)
FNDA:2,(anonymous_7)
DA:15,13
DA:35,4
DA:36,1
DA:43,1
DA:48,1
DA:63,17
DA:64,17
DA:65,17
DA:67,17
DA:68,17
DA:69,1
DA:70,1
DA:73,17
DA:76,17
DA:77,2
DA:78,2
DA:88,17
DA:199,2
LF:18
LH:18
BRDA:65,0,0,2
BRDA:65,0,1,15
BRDA:118,1,0,2
BRDA:118,1,1,15
BRDA:195,2,0,2
BRDA:195,2,1,15
BRF:6
BRH:6
end_of_record
TN:
SF:src\components\Login.js
FN:20,Login
FN:24,(anonymous_1)
FN:30,(anonymous_2)
FN:39,(anonymous_3)
FN:45,(anonymous_4)
FN:85,LoginScreen
FNF:6
FNH:6
FNDA:6,Login
FNDA:50,(anonymous_1)
FNDA:2,(anonymous_2)
FNDA:1,(anonymous_3)
FNDA:1,(anonymous_4)
FNDA:6,LoginScreen
DA:21,6
DA:22,6
DA:24,6
DA:25,50
DA:26,50
DA:27,50
DA:28,50
DA:30,6
DA:31,2
DA:32,2
DA:43,1
DA:47,1
DA:48,1
DA:56,6
DA:86,6
LF:15
LH:15
BRF:0
BRH:0
end_of_record
