TN:
SF:src\components\App.js
FN:19,App
FNF:1
FNH:1
FNDA:9,App
DA:20,9
LF:1
LH:1
BRF:0
BRH:0
end_of_record
TN:
SF:src\components\Category.js
FN:29,CategoryScreen
FNF:1
FNH:1
FNDA:1,CategoryScreen
DA:30,1
LF:1
LH:1
BRF:0
BRH:0
end_of_record
TN:
SF:src\components\CreateUser.js
FN:20,CreateUser
FN:24,(anonymous_1)
FN:31,(anonymous_2)
FN:41,(anonymous_3)
FN:45,(anonymous_4)
FN:91,CreateUserScreen
FNF:6
FNH:6
FNDA:3,CreateUser
FNDA:24,(anonymous_1)
FNDA:1,(anonymous_2)
FNDA:1,(anonymous_3)
FNDA:1,(anonymous_4)
FNDA:3,CreateUserScreen
DA:21,3
DA:22,3
DA:24,3
DA:25,24
DA:26,24
DA:27,24
DA:28,24
DA:31,3
DA:32,1
DA:33,1
DA:34,1
DA:43,1
DA:47,1
DA:48,1
DA:52,3
DA:92,3
LF:16
LH:16
BRF:0
BRH:0
end_of_record
TN:
SF:src\components\Dummy.js
FN:8,getDummy
FN:11,(anonymous_1)
FN:17,(anonymous_2)
FN:20,(anonymous_3)
FN:30,Dummy
FN:38,(anonymous_5)
FNF:6
FNH:6
FNDA:2,getDummy
FNDA:2,(anonymous_1)
FNDA:1,(anonymous_2)
FNDA:1,(anonymous_3)
FNDA:4,Dummy
FNDA:2,(anonymous_5)
DA:10,2
DA:12,2
DA:13,1
DA:15,1
DA:18,1
DA:21,1
DA:31,4
DA:32,4
DA:39,2
LF:9
LH:9
BRDA:12,0,0,1
BRDA:12,0,1,1
BRF:2
BRH:2
end_of_record
TN:
SF:src\components\Homepage.js
FN:15,(anonymous_0)
FN:27,(anonymous_1)
FN:42,(anonymous_2)
FN:48,(anonymous_3)
FN:53,(anonymous_4)
FN:65,Homepage
FN:73,(anonymous_6)
FN:80,(anonymous_7)
FN:181,(anonymous_8)
FNF:9
FNH:6
FNDA:12,(anonymous_0)
FNDA:12,(anonymous_1)
FNDA:0,(anonymous_2)
FNDA:0,(anonymous_3)
FNDA:6,(anonymous_4)
FNDA:17,Homepage
FNDA:2,(anonymous_6)
FNDA:12,(anonymous_7)
FNDA:0,(anonymous_8)
DA:15,12
DA:27,3
DA:35,12
DA:43,0
DA:44,0
DA:46,0
DA:49,0
DA:51,0
DA:54,6
DA:55,6
DA:56,6
DA:66,17
DA:67,14
DA:68,14
DA:70,14
DA:71,14
DA:73,14
DA:74,2
DA:75,2
DA:76,2
DA:77,2
DA:80,14
DA:81,12
DA:85,14
DA:182,0
LF:25
LH:19
BRDA:43,0,0,0
BRDA:43,0,1,0
BRDA:68,1,0,2
BRDA:68,1,1,12
BRDA:108,2,0,2
BRDA:108,2,1,12
BRF:6
BRH:4
end_of_record
TN:
SF:src\components\Login.js
FN:18,Login
FN:22,(anonymous_1)
FN:28,(anonymous_2)
FN:37,(anonymous_3)
FN:43,(anonymous_4)
FN:83,LoginScreen
FNF:6
FNH:6
FNDA:6,Login
FNDA:50,(anonymous_1)
FNDA:2,(anonymous_2)
FNDA:1,(anonymous_3)
FNDA:1,(anonymous_4)
FNDA:6,LoginScreen
DA:19,6
DA:20,6
DA:22,6
DA:23,50
DA:24,50
DA:25,50
DA:26,50
DA:28,6
DA:29,2
DA:30,2
DA:41,1
DA:45,1
DA:46,1
DA:54,6
DA:84,6
LF:15
LH:15
BRF:0
BRH:0
end_of_record
