{"C:\\Users\\Carter\\Desktop\\cse183\\asg8a\\cse-183-final-project\\backend\\src\\app.js": {"path":"C:\\Users\\Carter\\Desktop\\cse183\\asg8a\\cse-183-final-project\\backend\\src\\app.js","statementMap":{"0":{"start":{"line":1,"column":16},"end":{"line":1,"column":34}},"1":{"start":{"line":2,"column":13},"end":{"line":2,"column":28}},"2":{"start":{"line":3,"column":13},"end":{"line":3,"column":31}},"3":{"start":{"line":4,"column":18},"end":{"line":4,"column":47}},"4":{"start":{"line":5,"column":11},"end":{"line":5,"column":24}},"5":{"start":{"line":6,"column":13},"end":{"line":6,"column":28}},"6":{"start":{"line":7,"column":25},"end":{"line":7,"column":61}},"7":{"start":{"line":9,"column":14},"end":{"line":9,"column":32}},"8":{"start":{"line":10,"column":13},"end":{"line":10,"column":30}},"9":{"start":{"line":11,"column":13},"end":{"line":11,"column":34}},"10":{"start":{"line":13,"column":12},"end":{"line":13,"column":21}},"11":{"start":{"line":14,"column":0},"end":{"line":14,"column":16}},"12":{"start":{"line":15,"column":0},"end":{"line":15,"column":24}},"13":{"start":{"line":16,"column":0},"end":{"line":16,"column":47}},"14":{"start":{"line":18,"column":16},"end":{"line":18,"column":59}},"15":{"start":{"line":20,"column":15},"end":{"line":20,"column":58}},"16":{"start":{"line":21,"column":0},"end":{"line":21,"column":66}},"17":{"start":{"line":23,"column":0},"end":{"line":29,"column":2}},"18":{"start":{"line":31,"column":0},"end":{"line":31,"column":32}},"19":{"start":{"line":33,"column":0},"end":{"line":33,"column":45}},"20":{"start":{"line":34,"column":0},"end":{"line":34,"column":41}},"21":{"start":{"line":36,"column":0},"end":{"line":36,"column":40}},"22":{"start":{"line":37,"column":0},"end":{"line":37,"column":50}},"23":{"start":{"line":39,"column":0},"end":{"line":45,"column":3}},"24":{"start":{"line":40,"column":2},"end":{"line":44,"column":5}},"25":{"start":{"line":47,"column":0},"end":{"line":47,"column":21}}},"fnMap":{"0":{"name":"(anonymous_0)","decl":{"start":{"line":39,"column":8},"end":{"line":39,"column":9}},"loc":{"start":{"line":39,"column":33},"end":{"line":45,"column":1}},"line":39}},"branchMap":{},"s":{"0":5,"1":5,"2":5,"3":5,"4":5,"5":5,"6":5,"7":5,"8":5,"9":5,"10":5,"11":5,"12":5,"13":5,"14":5,"15":5,"16":5,"17":5,"18":5,"19":5,"20":5,"21":5,"22":5,"23":5,"24":5,"25":5},"f":{"0":5},"b":{},"_coverageSchema":"1a1c01bbd47fc00a2c39e90264f33305004495a9","hash":"439308484c73decebf4521a79d37886f66d11c48"}
,"C:\\Users\\Carter\\Desktop\\cse183\\asg8a\\cse-183-final-project\\backend\\src\\auth.js": {"path":"C:\\Users\\Carter\\Desktop\\cse183\\asg8a\\cse-183-final-project\\backend\\src\\auth.js","statementMap":{"0":{"start":{"line":1,"column":12},"end":{"line":1,"column":35}},"1":{"start":{"line":3,"column":13},"end":{"line":3,"column":30}},"2":{"start":{"line":4,"column":19},"end":{"line":4,"column":21}},"3":{"start":{"line":5,"column":11},"end":{"line":5,"column":26}},"4":{"start":{"line":7,"column":16},"end":{"line":7,"column":50}},"5":{"start":{"line":9,"column":0},"end":{"line":23,"column":2}},"6":{"start":{"line":10,"column":30},"end":{"line":10,"column":38}},"7":{"start":{"line":11,"column":15},"end":{"line":11,"column":39}},"8":{"start":{"line":12,"column":2},"end":{"line":22,"column":3}},"9":{"start":{"line":13,"column":24},"end":{"line":18,"column":8}},"10":{"start":{"line":19,"column":4},"end":{"line":19,"column":79}},"11":{"start":{"line":21,"column":4},"end":{"line":21,"column":59}},"12":{"start":{"line":25,"column":0},"end":{"line":30,"column":1}},"13":{"start":{"line":26,"column":36},"end":{"line":26,"column":44}},"14":{"start":{"line":27,"column":15},"end":{"line":27,"column":58}},"15":{"start":{"line":28,"column":18},"end":{"line":28,"column":53}},"16":{"start":{"line":29,"column":2},"end":{"line":29,"column":32}}},"fnMap":{"0":{"name":"(anonymous_0)","decl":{"start":{"line":9,"column":23},"end":{"line":9,"column":24}},"loc":{"start":{"line":9,"column":43},"end":{"line":23,"column":1}},"line":9},"1":{"name":"(anonymous_1)","decl":{"start":{"line":25,"column":21},"end":{"line":25,"column":22}},"loc":{"start":{"line":25,"column":41},"end":{"line":30,"column":1}},"line":25}},"branchMap":{"0":{"loc":{"start":{"line":12,"column":2},"end":{"line":22,"column":3}},"type":"if","locations":[{"start":{"line":12,"column":2},"end":{"line":22,"column":3}},{"start":{"line":20,"column":9},"end":{"line":22,"column":3}}],"line":12},"1":{"loc":{"start":{"line":12,"column":6},"end":{"line":12,"column":66}},"type":"binary-expr","locations":[{"start":{"line":12,"column":6},"end":{"line":12,"column":10}},{"start":{"line":12,"column":14},"end":{"line":12,"column":66}}],"line":12}},"s":{"0":5,"1":5,"2":5,"3":5,"4":5,"5":5,"6":3,"7":3,"8":3,"9":2,"10":2,"11":1,"12":5,"13":1,"14":1,"15":1,"16":1},"f":{"0":3,"1":1},"b":{"0":[2,1],"1":[3,2]},"_coverageSchema":"1a1c01bbd47fc00a2c39e90264f33305004495a9","hash":"dbfc03722f116b2642688b1fcd7f639dc23002da"}
,"C:\\Users\\Carter\\Desktop\\cse183\\asg8a\\cse-183-final-project\\backend\\src\\db.js": {"path":"C:\\Users\\Carter\\Desktop\\cse183\\asg8a\\cse-183-final-project\\backend\\src\\db.js","statementMap":{"0":{"start":{"line":1,"column":15},"end":{"line":1,"column":28}},"1":{"start":{"line":3,"column":13},"end":{"line":9,"column":2}},"2":{"start":{"line":11,"column":0},"end":{"line":20,"column":2}},"3":{"start":{"line":12,"column":17},"end":{"line":12,"column":79}},"4":{"start":{"line":13,"column":16},"end":{"line":16,"column":3}},"5":{"start":{"line":17,"column":17},"end":{"line":17,"column":40}},"6":{"start":{"line":19,"column":2},"end":{"line":19,"column":48}},"7":{"start":{"line":24,"column":0},"end":{"line":39,"column":2}},"8":{"start":{"line":25,"column":18},"end":{"line":29,"column":3}},"9":{"start":{"line":30,"column":17},"end":{"line":30,"column":73}},"10":{"start":{"line":31,"column":16},"end":{"line":34,"column":3}},"11":{"start":{"line":35,"column":17},"end":{"line":35,"column":40}},"12":{"start":{"line":38,"column":2},"end":{"line":38,"column":17}},"13":{"start":{"line":41,"column":0},"end":{"line":49,"column":1}},"14":{"start":{"line":42,"column":17},"end":{"line":42,"column":48}},"15":{"start":{"line":43,"column":16},"end":{"line":45,"column":3}},"16":{"start":{"line":46,"column":17},"end":{"line":46,"column":40}},"17":{"start":{"line":48,"column":2},"end":{"line":48,"column":14}},"18":{"start":{"line":51,"column":0},"end":{"line":62,"column":1}},"19":{"start":{"line":53,"column":21},"end":{"line":53,"column":35}},"20":{"start":{"line":54,"column":17},"end":{"line":54,"column":102}},"21":{"start":{"line":55,"column":16},"end":{"line":58,"column":3}},"22":{"start":{"line":59,"column":17},"end":{"line":59,"column":40}},"23":{"start":{"line":61,"column":2},"end":{"line":61,"column":14}}},"fnMap":{"0":{"name":"(anonymous_0)","decl":{"start":{"line":11,"column":19},"end":{"line":11,"column":20}},"loc":{"start":{"line":11,"column":36},"end":{"line":20,"column":1}},"line":11},"1":{"name":"(anonymous_1)","decl":{"start":{"line":24,"column":18},"end":{"line":24,"column":19}},"loc":{"start":{"line":24,"column":60},"end":{"line":39,"column":1}},"line":24},"2":{"name":"(anonymous_2)","decl":{"start":{"line":41,"column":25},"end":{"line":41,"column":26}},"loc":{"start":{"line":41,"column":37},"end":{"line":49,"column":1}},"line":41},"3":{"name":"(anonymous_3)","decl":{"start":{"line":51,"column":22},"end":{"line":51,"column":23}},"loc":{"start":{"line":51,"column":40},"end":{"line":62,"column":1}},"line":51}},"branchMap":{"0":{"loc":{"start":{"line":19,"column":9},"end":{"line":19,"column":47}},"type":"cond-expr","locations":[{"start":{"line":19,"column":28},"end":{"line":19,"column":35}},{"start":{"line":19,"column":38},"end":{"line":19,"column":47}}],"line":19}},"s":{"0":5,"1":5,"2":5,"3":3,"4":3,"5":3,"6":3,"7":5,"8":1,"9":1,"10":1,"11":1,"12":1,"13":5,"14":1,"15":1,"16":1,"17":1,"18":5,"19":2,"20":2,"21":2,"22":2,"23":2},"f":{"0":3,"1":1,"2":1,"3":2},"b":{"0":[2,1]},"_coverageSchema":"1a1c01bbd47fc00a2c39e90264f33305004495a9","hash":"ba327472149421bf293a91ef21b725470d527237"}
,"C:\\Users\\Carter\\Desktop\\cse183\\asg8a\\cse-183-final-project\\backend\\src\\dummy.js": {"path":"C:\\Users\\Carter\\Desktop\\cse183\\asg8a\\cse-183-final-project\\backend\\src\\dummy.js","statementMap":{"0":{"start":{"line":1,"column":15},"end":{"line":1,"column":28}},"1":{"start":{"line":3,"column":13},"end":{"line":9,"column":2}},"2":{"start":{"line":11,"column":20},"end":{"line":19,"column":1}},"3":{"start":{"line":12,"column":17},"end":{"line":12,"column":38}},"4":{"start":{"line":13,"column":16},"end":{"line":16,"column":3}},"5":{"start":{"line":17,"column":17},"end":{"line":17,"column":40}},"6":{"start":{"line":18,"column":2},"end":{"line":18,"column":25}},"7":{"start":{"line":21,"column":0},"end":{"line":25,"column":2}},"8":{"start":{"line":22,"column":2},"end":{"line":24,"column":52}}},"fnMap":{"0":{"name":"(anonymous_0)","decl":{"start":{"line":11,"column":20},"end":{"line":11,"column":21}},"loc":{"start":{"line":11,"column":32},"end":{"line":19,"column":1}},"line":11},"1":{"name":"(anonymous_1)","decl":{"start":{"line":21,"column":14},"end":{"line":21,"column":15}},"loc":{"start":{"line":21,"column":34},"end":{"line":25,"column":1}},"line":21}},"branchMap":{},"s":{"0":5,"1":5,"2":5,"3":1,"4":1,"5":1,"6":1,"7":5,"8":1},"f":{"0":1,"1":1},"b":{},"_coverageSchema":"1a1c01bbd47fc00a2c39e90264f33305004495a9","hash":"a227af6848ccc407c180f231de00018bc74e093c"}
,"C:\\Users\\Carter\\Desktop\\cse183\\asg8a\\cse-183-final-project\\backend\\src\\listings.js": {"path":"C:\\Users\\Carter\\Desktop\\cse183\\asg8a\\cse-183-final-project\\backend\\src\\listings.js","statementMap":{"0":{"start":{"line":1,"column":19},"end":{"line":1,"column":40}},"1":{"start":{"line":2,"column":11},"end":{"line":2,"column":26}},"2":{"start":{"line":4,"column":0},"end":{"line":13,"column":1}},"3":{"start":{"line":7,"column":21},"end":{"line":7,"column":46}},"4":{"start":{"line":12,"column":4},"end":{"line":12,"column":35}},"5":{"start":{"line":15,"column":0},"end":{"line":20,"column":1}},"6":{"start":{"line":18,"column":19},"end":{"line":18,"column":58}},"7":{"start":{"line":19,"column":4},"end":{"line":19,"column":35}}},"fnMap":{"0":{"name":"(anonymous_0)","decl":{"start":{"line":4,"column":17},"end":{"line":4,"column":18}},"loc":{"start":{"line":4,"column":37},"end":{"line":13,"column":1}},"line":4},"1":{"name":"(anonymous_1)","decl":{"start":{"line":15,"column":20},"end":{"line":15,"column":21}},"loc":{"start":{"line":15,"column":40},"end":{"line":20,"column":1}},"line":15}},"branchMap":{},"s":{"0":5,"1":5,"2":5,"3":1,"4":1,"5":5,"6":2,"7":2},"f":{"0":1,"1":2},"b":{},"_coverageSchema":"1a1c01bbd47fc00a2c39e90264f33305004495a9","hash":"a806bee210cfadd0a98a058d001a925dfa2b748a"}
,"C:\\Users\\Carter\\Desktop\\cse183\\asg8a\\cse-183-final-project\\backend\\src\\__tests__\\db.js": {"path":"C:\\Users\\Carter\\Desktop\\cse183\\asg8a\\cse-183-final-project\\backend\\src\\__tests__\\db.js","statementMap":{"0":{"start":{"line":5,"column":11},"end":{"line":5,"column":24}},"1":{"start":{"line":6,"column":15},"end":{"line":6,"column":28}},"2":{"start":{"line":8,"column":0},"end":{"line":8,"column":27}},"3":{"start":{"line":9,"column":0},"end":{"line":9,"column":31}},"4":{"start":{"line":11,"column":13},"end":{"line":17,"column":2}},"5":{"start":{"line":19,"column":12},"end":{"line":25,"column":1}},"6":{"start":{"line":20,"column":18},"end":{"line":20,"column":47}},"7":{"start":{"line":21,"column":21},"end":{"line":21,"column":43}},"8":{"start":{"line":22,"column":2},"end":{"line":24,"column":3}},"9":{"start":{"line":23,"column":4},"end":{"line":23,"column":32}},"10":{"start":{"line":27,"column":0},"end":{"line":31,"column":2}},"11":{"start":{"line":28,"column":2},"end":{"line":28,"column":30}},"12":{"start":{"line":29,"column":2},"end":{"line":29,"column":28}},"13":{"start":{"line":30,"column":2},"end":{"line":30,"column":31}}},"fnMap":{"0":{"name":"(anonymous_0)","decl":{"start":{"line":19,"column":12},"end":{"line":19,"column":13}},"loc":{"start":{"line":19,"column":28},"end":{"line":25,"column":1}},"line":19},"1":{"name":"(anonymous_1)","decl":{"start":{"line":27,"column":16},"end":{"line":27,"column":17}},"loc":{"start":{"line":27,"column":28},"end":{"line":31,"column":1}},"line":27}},"branchMap":{},"s":{"0":5,"1":5,"2":5,"3":5,"4":5,"5":5,"6":15,"7":15,"8":15,"9":140,"10":5,"11":5,"12":5,"13":5},"f":{"0":15,"1":5},"b":{},"_coverageSchema":"1a1c01bbd47fc00a2c39e90264f33305004495a9","hash":"a2d9908558400c44f4c1859202c3df7c511684f8"}
}
