TN:
SF:src\app.js
FN:35,(anonymous_0)
FNF:1
FNH:1
FNDA:2,(anonymous_0)
DA:1,2
DA:2,2
DA:3,2
DA:4,2
DA:5,2
DA:6,2
DA:7,2
DA:9,2
DA:10,2
DA:12,2
DA:13,2
DA:14,2
DA:15,2
DA:17,2
DA:19,2
DA:20,2
DA:22,2
DA:30,2
DA:32,2
DA:35,2
DA:36,2
DA:43,2
LF:22
LH:22
BRF:0
BRH:0
end_of_record
TN:
SF:src\auth.js
FN:8,(anonymous_0)
FNF:1
FNH:1
FNDA:2,(anonymous_0)
DA:1,2
DA:2,2
DA:3,2
DA:5,2
DA:8,2
DA:9,2
DA:10,2
DA:11,2
DA:12,1
DA:18,1
DA:20,1
LF:11
LH:11
BRDA:11,0,0,1
BRDA:11,0,1,1
BRDA:11,1,0,2
BRDA:11,1,1,1
BRF:4
BRH:4
end_of_record
TN:
SF:src\db.js
FN:11,(anonymous_0)
FNF:1
FNH:1
FNDA:2,(anonymous_0)
DA:1,2
DA:3,2
DA:11,2
DA:12,2
DA:13,2
DA:17,2
DA:18,2
LF:7
LH:7
BRDA:18,0,0,1
BRDA:18,0,1,1
BRF:2
BRH:2
end_of_record
TN:
SF:src\dummy.js
FN:11,(anonymous_0)
FN:21,(anonymous_1)
FNF:2
FNH:2
FNDA:1,(anonymous_0)
FNDA:1,(anonymous_1)
DA:1,2
DA:3,2
DA:11,2
DA:12,1
DA:13,1
DA:17,1
DA:18,1
DA:21,2
DA:22,1
LF:9
LH:9
BRF:0
BRH:0
end_of_record
TN:
SF:src\__tests__\db.js
FN:19,(anonymous_0)
FN:27,(anonymous_1)
FNF:2
FNH:2
FNDA:6,(anonymous_0)
FNDA:2,(anonymous_1)
DA:5,2
DA:6,2
DA:8,2
DA:9,2
DA:11,2
DA:19,2
DA:20,6
DA:21,6
DA:22,6
DA:23,28
DA:27,2
DA:28,2
DA:29,2
DA:30,2
LF:14
LH:14
BRF:0
BRH:0
end_of_record
